#
# A fatal error has been detected by the Java Runtime Environment:
#
#  EXCEPTION_STACK_OVERFLOW (0xc00000fd) at pc=0x10035067, pid=7448, tid=5224
#
# JRE version: Java(TM) SE Runtime Environment (7.0_65-b20) (build 1.7.0_65-b20)
# Java VM: Java HotSpot(TM) Client VM (24.65-b04 mixed mode, sharing windows-x86 )
# Problematic frame:
# C  [dwf.dll+0x35067]
#
# Failed to write core dump. Minidumps are not enabled by default on client versions of Windows
#
# If you would like to submit a bug report, please visit:
#   http://bugreport.sun.com/bugreport/crash.jsp
# The crash happened outside the Java Virtual Machine in native code.
# See problematic frame for where to report the bug.
#

---------------  T H R E A D  ---------------

Current thread (0x0064c400):  JavaThread "main" [_thread_in_native, id=5224, stack(0x01700000,0x01750000)]

siginfo: ExceptionCode=0xc00000fd, ExceptionInformation=0x00000000 0x01700000 

Registers:
EAX=0x01700000, EBX=0x33a2d368, ECX=0x016ff63c, EDX=0x1003b404
ESP=0x0174f838, EBP=0x0174f840, ESI=0x33a2d368, EDI=0x0064c400
EIP=0x10035067, EFLAGS=0x00010206

Top of Stack: (sp=0x0174f838)
0x0174f838:   081a0020 1002efbd 0174f860 100019ec
0x0174f848:   00000000 00000000 00000000 081a0020
0x0174f858:   00000003 00000004 0174f880 10002403
0x0174f868:   00000000 00000000 00000000 081a0020
0x0174f878:   00000000 00000001 0174f8c4 1000452a
0x0174f888:   100408b8 100424cc 0174f8e4 00000000
0x0174f898:   0174f8b8 081a0020 10018286 100408b8
0x0174f8a8:   00000020 0174f8b8 4010050b 081a0020 

Instructions: (pc=0x10035067)
0x10035047:   1b c0 f7 d0 23 c8 8b c4 25 00 f0 ff ff 3b c8 72
0x10035057:   0a 8b c1 59 94 8b 00 89 04 24 c3 2d 00 10 00 00
0x10035067:   85 00 eb e9 cc cc cc cc cc 80 f9 40 73 16 80 f9
0x10035077:   20 73 06 0f ad d0 d3 fa c3 8b c2 c1 fa 1f 80 e1 


Register to memory mapping:

EAX=0x01700000 is an unknown value
EBX=0x33a2d368 is an oop
{method} 
 - klass: {other class}
ECX=0x016ff63c is an unknown value
EDX=0x1003b404 is an unknown value
ESP=0x0174f838 is pointing into the stack for thread: 0x0064c400
EBP=0x0174f840 is pointing into the stack for thread: 0x0064c400
ESI=0x33a2d368 is an oop
{method} 
 - klass: {other class}
EDI=0x0064c400 is a thread


Stack: [0x01700000,0x01750000],  sp=0x0174f838,  free space=318k
Native frames: (J=compiled Java code, j=interpreted, Vv=VM code, C=native code)
C  [dwf.dll+0x35067]
C  [dwf.dll+0x19ec]
C  [dwf.dll+0x2403]
C  [dwf.dll+0x452a]
C  [dwf.dll+0x10a92]
C  [dwf.dll+0x11db2]
C  [Application.dll+0x129c]
j  Application.sayHallo()Z+0
j  Application.main([Ljava/lang/String;)V+0
v  ~StubRoutines::call_stub
V  [jvm.dll+0x1410fa]
V  [jvm.dll+0x20567e]
V  [jvm.dll+0x14117d]
V  [jvm.dll+0xca7f5]
V  [jvm.dll+0xd5497]
C  [javaw.exe+0x2070]
C  [javaw.exe+0xa601]
C  [javaw.exe+0xa68b]
C  [kernel32.dll+0x4ee1c]
C  [ntdll.dll+0x637eb]
C  [ntdll.dll+0x637be]

Java frames: (J=compiled Java code, j=interpreted, Vv=VM code)
j  Application.sayHallo()Z+0
j  Application.main([Ljava/lang/String;)V+0
v  ~StubRoutines::call_stub

---------------  P R O C E S S  ---------------

Java Threads: ( => current thread )
  0x03e7cc00 JavaThread "Swing-Shell" daemon [_thread_blocked, id=7112, stack(0x05340000,0x05390000)]
  0x03e7b400 JavaThread "AWT-EventQueue-0" [_thread_blocked, id=2128, stack(0x06a50000,0x06aa0000)]
  0x03dcc400 JavaThread "Image Fetcher 0" daemon [_thread_blocked, id=4716, stack(0x049b0000,0x04a00000)]
  0x03dcb800 JavaThread "AWT-Windows" daemon [_thread_in_native, id=4240, stack(0x04b30000,0x04b80000)]
  0x03dcb000 JavaThread "AWT-Shutdown" [_thread_blocked, id=7588, stack(0x04a00000,0x04a50000)]
  0x03dc8400 JavaThread "Java2D Disposer" daemon [_thread_blocked, id=6548, stack(0x04920000,0x04970000)]
  0x00604800 JavaThread "Service Thread" daemon [_thread_blocked, id=5084, stack(0x03cd0000,0x03d20000)]
  0x005e9800 JavaThread "C1 CompilerThread0" daemon [_thread_blocked, id=1152, stack(0x03b10000,0x03b60000)]
  0x005dc800 JavaThread "Attach Listener" daemon [_thread_blocked, id=5652, stack(0x03c10000,0x03c60000)]
  0x005d9400 JavaThread "Signal Dispatcher" daemon [_thread_blocked, id=5240, stack(0x03a70000,0x03ac0000)]
  0x00572c00 JavaThread "Finalizer" daemon [_thread_blocked, id=708, stack(0x03960000,0x039b0000)]
  0x0056dc00 JavaThread "Reference Handler" daemon [_thread_blocked, id=6428, stack(0x03850000,0x038a0000)]
=>0x0064c400 JavaThread "main" [_thread_in_native, id=5224, stack(0x01700000,0x01750000)]

Other Threads:
  0x0056c000 VMThread [stack: 0x039e0000,0x03a30000] [id=7188]
  0x00616800 WatcherThread [stack: 0x03d70000,0x03dc0000] [id=6904]

VM state:not at safepoint (normal execution)

VM Mutex/Monitor currently owned by a thread: None

Heap
 def new generation   total 19648K, used 4330K [0x23a00000, 0x24f50000, 0x28f50000)
  eden space 17472K,  24% used [0x23a00000, 0x23e3a940, 0x24b10000)
  from space 2176K,   0% used [0x24b10000, 0x24b10000, 0x24d30000)
  to   space 2176K,   0% used [0x24d30000, 0x24d30000, 0x24f50000)
 tenured generation   total 43712K, used 0K [0x28f50000, 0x2ba00000, 0x33a00000)
   the space 43712K,   0% used [0x28f50000, 0x28f50000, 0x28f50200, 0x2ba00000)
 compacting perm gen  total 12288K, used 1271K [0x33a00000, 0x34600000, 0x37a00000)
   the space 12288K,  10% used [0x33a00000, 0x33b3dc10, 0x33b3de00, 0x34600000)
    ro space 10240K,  42% used [0x37a00000, 0x37e34650, 0x37e34800, 0x38400000)
    rw space 12288K,  52% used [0x38400000, 0x38a4be40, 0x38a4c000, 0x39000000)

Card table byte_map: [0x03750000,0x03800000] byte_map_base: 0x03633000

Polling page: 0x00260000

Code Cache  [0x01750000, 0x01820000, 0x03750000)
 total_blobs=314 nmethods=115 adapters=136 free_code_cache=31956Kb largest_free_block=32723392

Compilation events (10 events):
Event: 0.496 Thread 0x005e9800  111   !         sun.awt.image.PNGImageDecoder::produceImage (1920 bytes)
Event: 0.504 Thread 0x005e9800 nmethod 111 0x0180f188 code [0x0180f6d0, 0x01812168]
Event: 0.504 Thread 0x005e9800  112   !         javax.swing.UIDefaults::getFromResourceBundle (69 bytes)
Event: 0.505 Thread 0x005e9800 nmethod 112 0x0181a1c8 code [0x0181a2f0, 0x0181a718]
Event: 0.505 Thread 0x005e9800  113             sun.util.logging.PlatformLogger$Level::intValue (9 bytes)
Event: 0.505 Thread 0x005e9800 nmethod 113 0x0181a888 code [0x0181a980, 0x0181aa20]
Event: 0.505 Thread 0x005e9800  114             java.util.concurrent.locks.AbstractQueuedSynchronizer::compareAndSetWaitStatus (13 bytes)
Event: 0.505 Thread 0x005e9800 nmethod 114 0x0181aac8 code [0x0181abc0, 0x0181ac50]
Event: 0.505 Thread 0x005e9800  115             java.util.concurrent.ThreadPoolExecutor::workerCountOf (5 bytes)
Event: 0.505 Thread 0x005e9800 nmethod 115 0x0181ac88 code [0x0181ad80, 0x0181adf0]

GC Heap History (0 events):
No events

Deoptimization events (0 events):
No events

Internal exceptions (4 events):
Event: 0.014 Thread 0x0064c400 Threw 0x23a05d80 at C:\re\jdk7u65\1320\hotspot\src\share\vm\prims\jni.cpp:3991
Event: 0.068 Thread 0x0064c400 Threw 0x23a4ddd8 at C:\re\jdk7u65\1320\hotspot\src\share\vm\prims\jvm.cpp:1244
Event: 0.102 Thread 0x0064c400 Threw 0x23abba58 at C:\re\jdk7u65\1320\hotspot\src\share\vm\prims\jni.cpp:717
Event: 0.125 Thread 0x0064c400 Threw 0x23acca18 at C:\re\jdk7u65\1320\hotspot\src\share\vm\prims\jni.cpp:717

Events (10 events):
Event: 0.500 loading class 0x39022bc8 done
Event: 0.501 loading class 0x03e640f0
Event: 0.501 loading class 0x03e640f0 done
Event: 0.501 loading class 0x39029478
Event: 0.501 loading class 0x39029410
Event: 0.501 loading class 0x39029410 done
Event: 0.501 loading class 0x39029478 done
Event: 0.501 loading class 0x03dd4a90
Event: 0.501 loading class 0x03dd4a90 done
Event: 0.501 Thread 0x03f1a800 Thread exited: 0x03f1a800


Dynamic libraries:
0x00a70000 - 0x00a9f000 	C:\Program Files\Java\jre7\bin\javaw.exe
0x77180000 - 0x772bc000 	C:\Windows\SYSTEM32\ntdll.dll
0x75a10000 - 0x75ae4000 	C:\Windows\system32\kernel32.dll
0x747e0000 - 0x7482b000 	C:\Windows\system32\KERNELBASE.dll
0x75d10000 - 0x75db0000 	C:\Windows\system32\ADVAPI32.dll
0x75f40000 - 0x75fec000 	C:\Windows\system32\msvcrt.dll
0x75ff0000 - 0x76009000 	C:\Windows\SYSTEM32\sechost.dll
0x76210000 - 0x762b2000 	C:\Windows\system32\RPCRT4.dll
0x74a80000 - 0x74b49000 	C:\Windows\system32\USER32.dll
0x74c80000 - 0x74cce000 	C:\Windows\system32\GDI32.dll
0x766b0000 - 0x766ba000 	C:\Windows\system32\LPK.dll
0x76010000 - 0x760ad000 	C:\Windows\system32\USP10.dll
0x73520000 - 0x736be000 	C:\Windows\WinSxS\x86_microsoft.windows.common-controls_6595b64144ccf1df_6.0.7601.17514_none_41e6975e2bd6f2b2\COMCTL32.dll
0x74d60000 - 0x74db7000 	C:\Windows\system32\SHLWAPI.dll
0x76710000 - 0x7672f000 	C:\Windows\system32\IMM32.DLL
0x76460000 - 0x7652c000 	C:\Windows\system32\MSCTF.dll
0x711d0000 - 0x7128f000 	C:\Program Files\Java\jre7\bin\msvcr100.dll
0x5da80000 - 0x5de08000 	C:\Program Files\Java\jre7\bin\client\jvm.dll
0x6fa30000 - 0x6fa37000 	C:\Windows\system32\WSOCK32.dll
0x76530000 - 0x76565000 	C:\Windows\system32\WS2_32.dll
0x748a0000 - 0x748a6000 	C:\Windows\system32\NSI.dll
0x726a0000 - 0x726d2000 	C:\Windows\system32\WINMM.dll
0x74830000 - 0x74835000 	C:\Windows\system32\PSAPI.DLL
0x70c60000 - 0x70c6c000 	C:\Program Files\Java\jre7\bin\verify.dll
0x65920000 - 0x65940000 	C:\Program Files\Java\jre7\bin\java.dll
0x65940000 - 0x65953000 	C:\Program Files\Java\jre7\bin\zip.dll
0x63000000 - 0x63014000 	C:\eclipse\project saves in this folder\ElectronicsExplorer\jni\Application.dll
0x10000000 - 0x10053000 	C:\Windows\system32\dwf.dll
0x73980000 - 0x73989000 	C:\Windows\system32\VERSION.dll
0x69f70000 - 0x6a013000 	C:\Windows\WinSxS\x86_microsoft.vc90.crt_1fc8b3b9a1e18e3b_9.0.30729.6161_none_50934f2ebcb7eb57\MSVCR90.dll
0x006d0000 - 0x006d7000 	C:\Windows\system32\dmgr.DLL
0x04100000 - 0x0434e000 	C:\Windows\system32\dpcomm.dll
0x76970000 - 0x7697f000 	C:\Windows\system32\dabs.dll
0x762c0000 - 0x7645d000 	C:\Windows\system32\SETUPAPI.dll
0x74590000 - 0x745b7000 	C:\Windows\system32\CFGMGR32.dll
0x760b0000 - 0x7613f000 	C:\Windows\system32\OLEAUT32.dll
0x75de0000 - 0x75f3c000 	C:\Windows\system32\ole32.dll
0x74570000 - 0x74582000 	C:\Windows\system32\DEVOBJ.dll
0x04660000 - 0x04667000 	C:\Windows\system32\dmgt.DLL
0x04680000 - 0x04687000 	C:\Windows\system32\dstm.DLL
0x046a0000 - 0x046a7000 	C:\Windows\system32\dpti.DLL
0x046c0000 - 0x046de000 	C:\Windows\system32\jtsc.DLL
0x11000000 - 0x1100a000 	C:\Windows\system32\dpcutil.dll
0x04700000 - 0x04709000 	C:\Windows\system32\djtg.dll
0x04720000 - 0x04727000 	C:\Windows\system32\depp.dll
0x04740000 - 0x04747000 	C:\Windows\system32\dspi.dll
0x04760000 - 0x04767000 	C:\Windows\system32\dpio.dll
0x6a150000 - 0x6a1de000 	C:\Windows\WinSxS\x86_microsoft.vc90.crt_1fc8b3b9a1e18e3b_9.0.30729.6161_none_50934f2ebcb7eb57\MSVCP90.dll
0x53740000 - 0x53883000 	C:\Program Files\Java\jre7\bin\awt.dll
0x73290000 - 0x732d0000 	C:\Windows\system32\uxtheme.dll
0x72e70000 - 0x72e83000 	C:\Windows\system32\dwmapi.dll
0x74420000 - 0x7442c000 	C:\Windows\system32\CRYPTBASE.dll
0x74dc0000 - 0x75a0a000 	C:\Windows\system32\SHELL32.dll
0x5be10000 - 0x5bfd3000 	C:\Windows\system32\d3d9.dll
0x5f540000 - 0x5f546000 	C:\Windows\system32\d3d8thk.dll
0x6a6b0000 - 0x6a79f000 	C:\Windows\system32\aticfx32.dll
0x5bb40000 - 0x5bb59000 	C:\Windows\system32\atiu9pag.dll
0x5b580000 - 0x5bb38000 	C:\Windows\system32\atiumdag.dll
0x5afb0000 - 0x5b3f5000 	C:\Windows\system32\atiumdva.dll
0x721b0000 - 0x72234000 	C:\Windows\WinSxS\x86_microsoft.windows.common-controls_6595b64144ccf1df_5.82.7601.18201_none_ec80f00e8593ece5\comctl32.dll
0x720f0000 - 0x72129000 	C:\Program Files\Java\jre7\bin\fontmanager.dll
0x65900000 - 0x65914000 	C:\Program Files\Java\jre7\bin\net.dll
0x73f00000 - 0x73f3c000 	C:\Windows\system32\mswsock.dll
0x73ef0000 - 0x73ef6000 	C:\Windows\System32\wship6.dll
0x76760000 - 0x7676f000 	C:\Program Files\Java\jre7\bin\nio.dll
0x720c0000 - 0x720f0000 	C:\Program Files\Java\jre7\bin\t2k.dll
0x74cd0000 - 0x74d53000 	C:\Windows\system32\CLBCatQ.DLL
0x733e0000 - 0x734d5000 	C:\Windows\system32\propsys.dll
0x72ed0000 - 0x72ef1000 	C:\Windows\system32\ntmarta.dll
0x76140000 - 0x76185000 	C:\Windows\system32\WLDAP32.dll
0x743d0000 - 0x7441c000 	C:\Windows\system32\apphelp.dll
0x64e80000 - 0x65018000 	C:\Windows\system32\NetworkExplorer.dll
0x69e60000 - 0x69e8f000 	C:\Windows\System32\shdocvw.dll
0x744d0000 - 0x744db000 	C:\Windows\system32\profapi.dll
0x725e0000 - 0x725ea000 	C:\Windows\system32\slc.dll
0x6b160000 - 0x6b172000 	C:\Windows\system32\MPR.dll
0x777a0000 - 0x777a8000 	C:\Windows\System32\drprov.dll
0x74490000 - 0x744b9000 	C:\Windows\System32\WINSTA.dll
0x77450000 - 0x77467000 	C:\Windows\System32\davclnt.dll
0x77440000 - 0x77448000 	C:\Windows\System32\DAVHLPR.dll
0x070a0000 - 0x072d8000 	C:\Windows\system32\wpdshext.dll
0x73080000 - 0x73210000 	C:\Windows\WinSxS\x86_microsoft.windows.gdiplus_6595b64144ccf1df_1.1.7601.18120_none_72d2e82386681b36\gdiplus.dll
0x72a50000 - 0x72ad9000 	C:\Windows\system32\PortableDeviceApi.dll
0x74770000 - 0x7479e000 	C:\Windows\system32\WINTRUST.dll
0x745c0000 - 0x746e0000 	C:\Windows\system32\CRYPT32.dll
0x74540000 - 0x7454c000 	C:\Windows\system32\MSASN1.dll
0x72040000 - 0x7207f000 	C:\Windows\system32\audiodev.dll
0x07ab0000 - 0x07d17000 	C:\Windows\system32\WMVCore.DLL
0x72080000 - 0x720bd000 	C:\Windows\system32\WMASF.DLL
0x6b870000 - 0x6b8a1000 	C:\Windows\system32\EhStorShell.dll
0x71870000 - 0x71892000 	C:\Windows\system32\EhStorAPI.dll
0x675d0000 - 0x675d9000 	C:\Windows\system32\LINKINFO.dll
0x6d4a0000 - 0x6d58b000 	C:\Windows\system32\dbghelp.dll

VM Arguments:
jvm_args: -Djava.library.path=jni -Xms64M -Xmx256M -Dfile.encoding=MS874 
java_command: Application
Launcher Type: SUN_STANDARD

Environment Variables:
CLASSPATH=.;C:\Program Files\Java\jre7\lib\ext\QTJava.zip
PATH=C:/Program Files/Java/jre7/bin/client;C:/Program Files/Java/jre7/bin;C:/Program Files/Java/jre7/lib/i386;C:\Program Files\NVIDIA Corporation\PhysX\Common;C:\Windows\system32;C:\Windows;C:\Windows\System32\Wbem;C:\Windows\System32\WindowsPowerShell\v1.0\;C:\Program Files\ATI Technologies\ATI.ACE\Core-Static;C:\Program Files\Intel\WiFi\bin\;C:\Program Files\Common Files\Intel\WirelessCommon\;C:\ATI\µÑÇdriver\ATI.ACE\Core-Static ;C:\Program Files\Java\jdk1.7.0_02\bin;C:\Microsoft SQL Server\110\DTS\Binn\;C:\Microsoft SQL Server\110\Tools\Binn\;C:\Microsoft SQL Server\110\Tools\Binn\ManagementStudio\;C:\Program Files\Microsoft Visual Studio 10.0\Common7\IDE\PrivateAssemblies\;C:\Program Files\QuickTime\QTSystem\;C:\Program Files\Windows Kits\8.0\Windows Performance Toolkit\;;C:\eclipse;
USERNAME=Kingdomax
OS=Windows_NT
PROCESSOR_IDENTIFIER=x86 Family 6 Model 37 Stepping 5, GenuineIntel



---------------  S Y S T E M  ---------------

OS: Windows 7 Build 7601 Service Pack 1

CPU:total 4 (2 cores per cpu, 2 threads per core) family 6 model 37 stepping 5, cmov, cx8, fxsr, mmx, sse, sse2, sse3, ssse3, sse4.1, sse4.2, popcnt, ht, tsc, tscinvbit

Memory: 4k page, physical 3389456k(1534344k free), swap 6777160k(3409364k free)

vm_info: Java HotSpot(TM) Client VM (24.65-b04) for windows-x86 JRE (1.7.0_65-b20), built on Jul 11 2014 01:01:06 by "java_re" with unknown MS VC++:1600

time: Fri Aug 08 12:44:13 2014
elapsed time: 0 seconds

